[debug] [2024-06-09T23:52:38.282Z] ----------------------------------------------------------------------
[debug] [2024-06-09T23:52:38.284Z] Command:       C:\Program Files\nodejs\node.exe C:\Users\sonia\AppData\Roaming\npm\node_modules\firebase-tools\lib\bin\firebase.js use --add
[debug] [2024-06-09T23:52:38.285Z] CLI Version:   13.11.2
[debug] [2024-06-09T23:52:38.285Z] Platform:      win32
[debug] [2024-06-09T23:52:38.286Z] Node Version:  v18.12.1
[debug] [2024-06-09T23:52:38.287Z] Time:          Mon Jun 10 2024 01:52:38 GMT+0200 (Central European Summer Time)
[debug] [2024-06-09T23:52:38.287Z] ----------------------------------------------------------------------
[debug] 
[debug] [2024-06-09T23:52:38.370Z] > command requires scopes: ["email","openid","https://www.googleapis.com/auth/cloudplatformprojects.readonly","https://www.googleapis.com/auth/firebase","https://www.googleapis.com/auth/cloud-platform"]
[debug] [2024-06-09T23:52:38.371Z] > authorizing via signed-in user (trezorzote@gmail.com)
[debug] [2024-06-09T23:52:38.373Z] > refreshing access token with scopes: []
[debug] [2024-06-09T23:52:38.376Z] >>> [apiv2][query] POST https://www.googleapis.com/oauth2/v3/token [none]
[debug] [2024-06-09T23:52:38.376Z] >>> [apiv2][body] POST https://www.googleapis.com/oauth2/v3/token [omitted]
[debug] [2024-06-09T23:52:40.871Z] <<< [apiv2][status] POST https://www.googleapis.com/oauth2/v3/token 400
[debug] [2024-06-09T23:52:40.872Z] <<< [apiv2][body] POST https://www.googleapis.com/oauth2/v3/token [omitted]
[debug] [2024-06-09T23:52:40.876Z] >>> [apiv2][query] GET https://firebase.googleapis.com/v1beta1/projects pageSize=1000
[debug] [2024-06-09T23:52:43.108Z] <<< [apiv2][status] GET https://firebase.googleapis.com/v1beta1/projects 401
[debug] [2024-06-09T23:52:43.109Z] <<< [apiv2][body] GET https://firebase.googleapis.com/v1beta1/projects [omitted]
[debug] [2024-06-09T23:52:43.114Z] HTTP Error: 401, Request had invalid authentication credentials. Expected OAuth 2 access token, login cookie or other valid authentication credential. See https://developers.google.com/identity/sign-in/web/devconsole-project.
[debug] [2024-06-09T23:52:43.558Z] FirebaseError: HTTP Error: 401, Request had invalid authentication credentials. Expected OAuth 2 access token, login cookie or other valid authentication credential. See https://developers.google.com/identity/sign-in/web/devconsole-project.
    at responseToError (C:\Users\sonia\AppData\Roaming\npm\node_modules\firebase-tools\lib\responseToError.js:49:12)
    at RetryOperation._fn (C:\Users\sonia\AppData\Roaming\npm\node_modules\firebase-tools\lib\apiv2.js:305:77)
    at process.processTicksAndRejections (node:internal/process/task_queues:95:5)
[error] 
[error] Error: Failed to list Firebase projects. See firebase-debug.log for more info.
